<?xml version="1.0" encoding="UTF-8"?>
<!-- Generated by org.testng.reporters.JUnitReportReporter -->
<testsuite hostname="LAPTOP-NCMTQCEJ" failures="0" tests="4" name="testng.BasicTestNG" time="0.015" errors="0" timestamp="2022-04-11T11:13:01 IST" skipped="1">
  <testcase classname="testng.BasicTestNG" name="testCase2DropDownABCSelectedValue" time="0.012"/>
  <system-out/>
  <testcase classname="testng.BasicTestNG" name="testCase4" time="0.002"/>
  <system-out/>
  <testcase classname="testng.BasicTestNG" name="testCase3VerifyPageTitleAfterLoggin" time="0.001"/>
  <system-out/>
  <testcase classname="testng.BasicTestNG" name="testCase1VerifyABCCheckboxSelected">
    <skipped/>
  </testcase> <!-- testCase1VerifyABCCheckboxSelected -->
  <system-out/>
</testsuite> <!-- testng.BasicTestNG -->
