<?xml version="1.0" encoding="UTF-8"?>
<!-- Generated by org.testng.reporters.JUnitReportReporter -->
<testsuite hostname="LAPTOP-NCMTQCEJ" failures="0" tests="5" name="testng.Grouping" time="0.014" errors="0" timestamp="2022-04-29T09:36:46 IST" skipped="0">
  <testcase classname="testng.Grouping" name="f2" time="0.009"/>
  <system-out/>
  <testcase classname="testng.Grouping" name="f3" time="0.002"/>
  <system-out/>
  <testcase classname="testng.Grouping" name="f1" time="0.001"/>
  <system-out/>
  <testcase classname="testng.Grouping" name="f5" time="0.001"/>
  <system-out/>
  <testcase classname="testng.Grouping" name="f4" time="0.001"/>
  <system-out/>
</testsuite> <!-- testng.Grouping -->
