<?xml version="1.0" encoding="UTF-8"?>
<!-- Generated by org.testng.reporters.JUnitReportReporter -->
<testsuite hostname="LAPTOP-NCMTQCEJ" failures="0" tests="4" name="testng.Annotations" time="0.004" errors="0" timestamp="2022-04-19T07:40:48 IST" skipped="0">
  <testcase classname="testng.Annotations" name="testCase1VerifyABCCheckboxSelected" time="0.001"/>
  <system-out/>
  <testcase classname="testng.Annotations" name="testCase2DropDownABCSelectedValue" time="0.001"/>
  <system-out/>
  <testcase classname="testng.Annotations" name="testCase3VerifyPageTitleAfterLoggin" time="0.001"/>
  <system-out/>
  <testcase classname="testng.Annotations" name="testCase4" time="0.001"/>
  <system-out/>
</testsuite> <!-- testng.Annotations -->
