<?xml version="1.0" encoding="UTF-8"?>
<!-- Generated by org.testng.reporters.JUnitReportReporter -->
<testsuite hostname="LAPTOP-NCMTQCEJ" failures="0" tests="2" name="testng.TestParameter" time="0.015" errors="0" timestamp="2022-04-13T08:16:08 IST" skipped="0">
  <testcase classname="testng.TestParameter" name="tsetCase1" time="0.014"/>
  <system-out/>
  <testcase classname="testng.TestParameter" name="tsetCase1" time="0.001"/>
  <system-out/>
</testsuite> <!-- testng.TestParameter -->
