<?xml version="1.0" encoding="UTF-8"?>
<!-- Generated by org.testng.reporters.JUnitReportReporter -->
<testsuite hostname="LAPTOP-NCMTQCEJ" failures="0" tests="3" name="testng.DataProviderDemo" time="0.011" errors="0" timestamp="2022-04-13T08:23:13 IST" skipped="0">
  <testcase classname="testng.DataProviderDemo" name="testcase0" time="0.003"/>
  <system-out/>
  <testcase classname="testng.DataProviderDemo" name="testcase0" time="0.007"/>
  <system-out/>
  <testcase classname="testng.DataProviderDemo" name="testcase0" time="0.001"/>
  <system-out/>
</testsuite> <!-- testng.DataProviderDemo -->
